[0.015s] Invoking command in '/home/limbo/Desktop/AUWO-testbed/build/robot_slam_rtabmap': CMAKE_PREFIX_PATH=${CMAKE_PREFIX_PATH}:/opt/ros/jazzy DEBUGINFOD_URLS=https://debuginfod.ubuntu.com /usr/bin/cmake --build /home/limbo/Desktop/AUWO-testbed/build/robot_slam_rtabmap -- -j8 -l8
[0.063s] Invoked command in '/home/limbo/Desktop/AUWO-testbed/build/robot_slam_rtabmap' returned '0': CMAKE_PREFIX_PATH=${CMAKE_PREFIX_PATH}:/opt/ros/jazzy DEBUGINFOD_URLS=https://debuginfod.ubuntu.com /usr/bin/cmake --build /home/limbo/Desktop/AUWO-testbed/build/robot_slam_rtabmap -- -j8 -l8
[0.075s] Invoking command in '/home/limbo/Desktop/AUWO-testbed/build/robot_slam_rtabmap': CMAKE_PREFIX_PATH=${CMAKE_PREFIX_PATH}:/opt/ros/jazzy DEBUGINFOD_URLS=https://debuginfod.ubuntu.com /usr/bin/cmake --install /home/limbo/Desktop/AUWO-testbed/build/robot_slam_rtabmap
[0.083s] -- Install configuration: ""
[0.083s] -- Up-to-date: /home/limbo/Desktop/AUWO-testbed/install/robot_slam_rtabmap/share/robot_slam_rtabmap//launch
[0.083s] -- Up-to-date: /home/limbo/Desktop/AUWO-testbed/install/robot_slam_rtabmap/share/robot_slam_rtabmap//launch/rtabmap.launch.py
[0.083s] -- Up-to-date: /home/limbo/Desktop/AUWO-testbed/install/robot_slam_rtabmap/share/robot_slam_rtabmap//config
[0.083s] -- Up-to-date: /home/limbo/Desktop/AUWO-testbed/install/robot_slam_rtabmap/share/robot_slam_rtabmap//config/rtabmap_config.yaml
[0.083s] -- Installing: /home/limbo/Desktop/AUWO-testbed/install/robot_slam_rtabmap/share/robot_slam_rtabmap//rviz
[0.083s] -- Installing: /home/limbo/Desktop/AUWO-testbed/install/robot_slam_rtabmap/share/ament_index/resource_index/package_run_dependencies/robot_slam_rtabmap
[0.083s] -- Installing: /home/limbo/Desktop/AUWO-testbed/install/robot_slam_rtabmap/share/ament_index/resource_index/parent_prefix_path/robot_slam_rtabmap
[0.083s] -- Installing: /home/limbo/Desktop/AUWO-testbed/install/robot_slam_rtabmap/share/robot_slam_rtabmap/environment/ament_prefix_path.sh
[0.083s] -- Installing: /home/limbo/Desktop/AUWO-testbed/install/robot_slam_rtabmap/share/robot_slam_rtabmap/environment/ament_prefix_path.dsv
[0.084s] -- Installing: /home/limbo/Desktop/AUWO-testbed/install/robot_slam_rtabmap/share/robot_slam_rtabmap/environment/path.sh
[0.084s] -- Installing: /home/limbo/Desktop/AUWO-testbed/install/robot_slam_rtabmap/share/robot_slam_rtabmap/environment/path.dsv
[0.084s] -- Installing: /home/limbo/Desktop/AUWO-testbed/install/robot_slam_rtabmap/share/robot_slam_rtabmap/local_setup.bash
[0.084s] -- Installing: /home/limbo/Desktop/AUWO-testbed/install/robot_slam_rtabmap/share/robot_slam_rtabmap/local_setup.sh
[0.084s] -- Installing: /home/limbo/Desktop/AUWO-testbed/install/robot_slam_rtabmap/share/robot_slam_rtabmap/local_setup.zsh
[0.084s] -- Installing: /home/limbo/Desktop/AUWO-testbed/install/robot_slam_rtabmap/share/robot_slam_rtabmap/local_setup.dsv
[0.084s] -- Up-to-date: /home/limbo/Desktop/AUWO-testbed/install/robot_slam_rtabmap/share/robot_slam_rtabmap/package.dsv
[0.084s] -- Installing: /home/limbo/Desktop/AUWO-testbed/install/robot_slam_rtabmap/share/ament_index/resource_index/packages/robot_slam_rtabmap
[0.084s] -- Installing: /home/limbo/Desktop/AUWO-testbed/install/robot_slam_rtabmap/share/robot_slam_rtabmap/cmake/robot_slam_rtabmapConfig.cmake
[0.084s] -- Installing: /home/limbo/Desktop/AUWO-testbed/install/robot_slam_rtabmap/share/robot_slam_rtabmap/cmake/robot_slam_rtabmapConfig-version.cmake
[0.084s] -- Installing: /home/limbo/Desktop/AUWO-testbed/install/robot_slam_rtabmap/share/robot_slam_rtabmap/package.xml
[0.086s] Invoked command in '/home/limbo/Desktop/AUWO-testbed/build/robot_slam_rtabmap' returned '0': CMAKE_PREFIX_PATH=${CMAKE_PREFIX_PATH}:/opt/ros/jazzy DEBUGINFOD_URLS=https://debuginfod.ubuntu.com /usr/bin/cmake --install /home/limbo/Desktop/AUWO-testbed/build/robot_slam_rtabmap
