[0.013s] Invoking command in '/home/limbo/Desktop/AUWO-testbed/build/robot_slam_rtabmap': CMAKE_PREFIX_PATH=${CMAKE_PREFIX_PATH}:/opt/ros/jazzy DEBUGINFOD_URLS=https://debuginfod.ubuntu.com /usr/bin/cmake /home/limbo/Desktop/AUWO-testbed/src/robot_slam_rtabmap -DCMAKE_INSTALL_PREFIX=/home/limbo/Desktop/AUWO-testbed/install/robot_slam_rtabmap
[0.030s] -- Found ament_cmake: 2.5.4 (/opt/ros/jazzy/share/ament_cmake/cmake)
[0.272s] -- Found rclcpp: 28.1.12 (/opt/ros/jazzy/share/rclcpp/cmake)
[0.301s] -- Found rosidl_generator_c: 4.6.6 (/opt/ros/jazzy/share/rosidl_generator_c/cmake)
[0.312s] -- Found rosidl_generator_cpp: 4.6.6 (/opt/ros/jazzy/share/rosidl_generator_cpp/cmake)
[0.323s] -- Using all available rosidl_typesupport_c: rosidl_typesupport_fastrtps_c;rosidl_typesupport_introspection_c
[0.338s] -- Using all available rosidl_typesupport_cpp: rosidl_typesupport_fastrtps_cpp;rosidl_typesupport_introspection_cpp
[0.399s] -- Found rmw_implementation_cmake: 7.3.2 (/opt/ros/jazzy/share/rmw_implementation_cmake/cmake)
[0.400s] -- Found rmw_fastrtps_cpp: 8.4.3 (/opt/ros/jazzy/share/rmw_fastrtps_cpp/cmake)
[0.469s] -- Using RMW implementation 'rmw_fastrtps_cpp' as default
[0.535s] -- Found rtabmap_ros: 0.22.1 (/opt/ros/jazzy/share/rtabmap_ros/cmake)
[0.535s] -- Found rtabmap_slam: 0.22.1 (/opt/ros/jazzy/share/rtabmap_slam/cmake)
[0.915s] -- Found eigen3_cmake_module: 0.3.0 (/opt/ros/jazzy/share/eigen3_cmake_module/cmake)
[0.916s] -- Ensuring Eigen3 include directory is part of orocos-kdl CMake target
[0.971s] [33mCMake Warning (dev) at /usr/lib/x86_64-linux-gnu/cmake/pcl/Modules/FindFLANN.cmake:45 (find_package):
[0.971s]   Policy CMP0144 is not set: find_package uses upper-case <PACKAGENAME>_ROOT
[0.971s]   variables.  Run "cmake --help-policy CMP0144" for policy details.  Use the
[0.971s]   cmake_policy command to set the policy and suppress this warning.
[0.971s] 
[0.971s]   CMake variable FLANN_ROOT is set to:
[0.971s] 
[0.971s]     /usr
[0.971s] 
[0.971s]   For compatibility, find_package is ignoring the variable, but code in a
[0.972s]   .cmake module might still use it.
[0.972s] Call Stack (most recent call first):
[0.972s]   /usr/lib/x86_64-linux-gnu/cmake/pcl/PCLConfig.cmake:261 (find_package)
[0.972s]   /usr/lib/x86_64-linux-gnu/cmake/pcl/PCLConfig.cmake:306 (find_flann)
[0.972s]   /usr/lib/x86_64-linux-gnu/cmake/pcl/PCLConfig.cmake:570 (find_external_library)
[0.972s]   /opt/ros/jazzy/share/pcl_conversions/cmake/ament_cmake_export_dependencies-extras.cmake:21 (find_package)
[0.972s]   /opt/ros/jazzy/share/pcl_conversions/cmake/pcl_conversionsConfig.cmake:41 (include)
[0.972s]   /opt/ros/jazzy/share/rtabmap_util/cmake/ament_cmake_export_dependencies-extras.cmake:21 (find_package)
[0.972s]   /opt/ros/jazzy/share/rtabmap_util/cmake/rtabmap_utilConfig.cmake:41 (include)
[0.972s]   /opt/ros/jazzy/share/rtabmap_slam/cmake/ament_cmake_export_dependencies-extras.cmake:21 (find_package)
[0.972s]   /opt/ros/jazzy/share/rtabmap_slam/cmake/rtabmap_slamConfig.cmake:41 (include)
[0.972s]   CMakeLists.txt:12 (find_package)
[0.972s] This warning is for project developers.  Use -Wno-dev to suppress it.
[0.972s] [0m
[0.972s] -- Found flann version 1.9.2
[1.447s] -- OpenNI found (version: 1.5.4.0, include: /usr/include/ni, lib: /usr/lib/libOpenNI.so;libusb::libusb)
[1.454s] -- OpenNI2 found (version: 2.2.0.33, include: /usr/include/openni2, lib: /usr/lib/x86_64-linux-gnu/libOpenNI2.so;libusb::libusb)
[1.947s] -- OpenNI found (version: 1.5.4.0, include: /usr/include/ni, lib: /usr/lib/libOpenNI.so;libusb::libusb)
[1.953s] -- OpenNI2 found (version: 2.2.0.33, include: /usr/include/openni2, lib: /usr/lib/x86_64-linux-gnu/libOpenNI2.so;libusb::libusb)
[2.391s] -- Found Qhull version 8.0.2
[2.843s] -- OpenNI found (version: 1.5.4.0, include: /usr/include/ni, lib: /usr/lib/libOpenNI.so;libusb::libusb)
[3.349s] [33mCMake Warning (dev) at /usr/share/cmake-3.28/Modules/CMakeFindDependencyMacro.cmake:76 (find_package):
[3.349s]   Policy CMP0074 is not set: find_package uses <PackageName>_ROOT variables.
[3.349s]   Run "cmake --help-policy CMP0074" for policy details.  Use the cmake_policy
[3.349s]   command to set the policy and suppress this warning.
[3.349s] 
[3.349s]   CMake variable PCL_ROOT is set to:
[3.350s] 
[3.350s]     /usr
[3.350s] 
[3.350s]   For compatibility, CMake is ignoring the variable.
[3.350s] Call Stack (most recent call first):
[3.350s]   /opt/ros/jazzy/lib/x86_64-linux-gnu/rtabmap-0.22/RTABMapConfig.cmake:7 (find_dependency)
[3.350s]   /opt/ros/jazzy/share/rtabmap_conversions/cmake/ament_cmake_export_dependencies-extras.cmake:21 (find_package)
[3.350s]   /opt/ros/jazzy/share/rtabmap_conversions/cmake/rtabmap_conversionsConfig.cmake:41 (include)
[3.350s]   /opt/ros/jazzy/share/rtabmap_util/cmake/ament_cmake_export_dependencies-extras.cmake:21 (find_package)
[3.350s]   /opt/ros/jazzy/share/rtabmap_util/cmake/rtabmap_utilConfig.cmake:41 (include)
[3.350s]   /opt/ros/jazzy/share/rtabmap_slam/cmake/ament_cmake_export_dependencies-extras.cmake:21 (find_package)
[3.351s]   /opt/ros/jazzy/share/rtabmap_slam/cmake/rtabmap_slamConfig.cmake:41 (include)
[3.351s]   CMakeLists.txt:12 (find_package)
[3.351s] This warning is for project developers.  Use -Wno-dev to suppress it.
[3.351s] [0m
[3.563s] -- Found rtabmap_viz: 0.22.1 (/opt/ros/jazzy/share/rtabmap_viz/cmake)
[3.564s] -- Found ament_lint_auto: 0.17.3 (/opt/ros/jazzy/share/ament_lint_auto/cmake)
[3.704s] -- Added test 'copyright' to check source files copyright and LICENSE
[3.707s] -- Added test 'flake8' to check Python code syntax and style conventions
[3.707s] -- Configured 'flake8' exclude dirs and/or files: 
[3.708s] -- Added test 'lint_cmake' to check CMake code style
[3.709s] -- Added test 'pep257' to check Python code against some of the docstring style conventions in PEP 257
[3.710s] -- Added test 'xmllint' to check XML markup files
[3.713s] -- Configuring done (3.7s)
[3.727s] -- Generating done (0.0s)
[3.732s] -- Build files have been written to: /home/limbo/Desktop/AUWO-testbed/build/robot_slam_rtabmap
[3.756s] Invoked command in '/home/limbo/Desktop/AUWO-testbed/build/robot_slam_rtabmap' returned '0': CMAKE_PREFIX_PATH=${CMAKE_PREFIX_PATH}:/opt/ros/jazzy DEBUGINFOD_URLS=https://debuginfod.ubuntu.com /usr/bin/cmake /home/limbo/Desktop/AUWO-testbed/src/robot_slam_rtabmap -DCMAKE_INSTALL_PREFIX=/home/limbo/Desktop/AUWO-testbed/install/robot_slam_rtabmap
[3.758s] Invoking command in '/home/limbo/Desktop/AUWO-testbed/build/robot_slam_rtabmap': CMAKE_PREFIX_PATH=${CMAKE_PREFIX_PATH}:/opt/ros/jazzy DEBUGINFOD_URLS=https://debuginfod.ubuntu.com /usr/bin/cmake --build /home/limbo/Desktop/AUWO-testbed/build/robot_slam_rtabmap -- -j8 -l8
[3.805s] Invoked command in '/home/limbo/Desktop/AUWO-testbed/build/robot_slam_rtabmap' returned '0': CMAKE_PREFIX_PATH=${CMAKE_PREFIX_PATH}:/opt/ros/jazzy DEBUGINFOD_URLS=https://debuginfod.ubuntu.com /usr/bin/cmake --build /home/limbo/Desktop/AUWO-testbed/build/robot_slam_rtabmap -- -j8 -l8
[3.817s] Invoking command in '/home/limbo/Desktop/AUWO-testbed/build/robot_slam_rtabmap': CMAKE_PREFIX_PATH=${CMAKE_PREFIX_PATH}:/opt/ros/jazzy DEBUGINFOD_URLS=https://debuginfod.ubuntu.com /usr/bin/cmake --install /home/limbo/Desktop/AUWO-testbed/build/robot_slam_rtabmap
[3.826s] -- Install configuration: ""
[3.826s] -- Installing: /home/limbo/Desktop/AUWO-testbed/install/robot_slam_rtabmap/share/robot_slam_rtabmap//launch
[3.826s] -- Installing: /home/limbo/Desktop/AUWO-testbed/install/robot_slam_rtabmap/share/robot_slam_rtabmap//launch/rtabmap.launch.py
[3.826s] -- Installing: /home/limbo/Desktop/AUWO-testbed/install/robot_slam_rtabmap/share/robot_slam_rtabmap//config
[3.827s] -- Installing: /home/limbo/Desktop/AUWO-testbed/install/robot_slam_rtabmap/share/robot_slam_rtabmap//config/rtabmap_config.yaml
[3.827s] [31mCMake Error at cmake_install.cmake:46 (file):
[3.827s]   file INSTALL cannot find
[3.827s]   "/home/limbo/Desktop/AUWO-testbed/src/robot_slam_rtabmap/rviz": No such
[3.827s]   file or directory.
[3.827s] 
[3.827s] [0m
[3.828s] Invoked command in '/home/limbo/Desktop/AUWO-testbed/build/robot_slam_rtabmap' returned '1': CMAKE_PREFIX_PATH=${CMAKE_PREFIX_PATH}:/opt/ros/jazzy DEBUGINFOD_URLS=https://debuginfod.ubuntu.com /usr/bin/cmake --install /home/limbo/Desktop/AUWO-testbed/build/robot_slam_rtabmap
