-- Found ament_cmake: 1.3.12 (/opt/ros/humble/share/ament_cmake/cmake)
-- Found rclcpp: 16.0.15 (/opt/ros/humble/share/rclcpp/cmake)
-- Found rosidl_generator_c: 3.1.7 (/opt/ros/humble/share/rosidl_generator_c/cmake)
-- Found rosidl_adapter: 3.1.7 (/opt/ros/humble/share/rosidl_adapter/cmake)
-- Found rosidl_generator_cpp: 3.1.7 (/opt/ros/humble/share/rosidl_generator_cpp/cmake)
-- Using all available rosidl_typesupport_c: rosidl_typesupport_fastrtps_c;rosidl_typesupport_introspection_c
-- Using all available rosidl_typesupport_cpp: rosidl_typesupport_fastrtps_cpp;rosidl_typesupport_introspection_cpp
-- Found rmw_implementation_cmake: 6.1.2 (/opt/ros/humble/share/rmw_implementation_cmake/cmake)
-- Found rmw_fastrtps_cpp: 6.2.9 (/opt/ros/humble/share/rmw_fastrtps_cpp/cmake)
-- Using RMW implementation 'rmw_fastrtps_cpp' as default
-- Found rtabmap_ros: 0.22.1 (/opt/ros/humble/share/rtabmap_ros/cmake)
-- Found rtabmap_slam: 0.22.1 (/opt/ros/humble/share/rtabmap_slam/cmake)
-- Found eigen3_cmake_module: 0.1.1 (/opt/ros/humble/share/eigen3_cmake_module/cmake)
-- Ensuring Eigen3 include directory is part of orocos-kdl CMake target
-- Eigen found (include: /usr/include/eigen3, version: 3.4.0)
-- FLANN found (include: /usr/include, lib: /usr/lib/aarch64-linux-gnu/libflann_cpp.so)
-- OpenNI found (version: 1.5.4.0, include: /usr/include/ni, lib: /usr/lib/libOpenNI.so;libusb::libusb)
-- OpenNI2 found (version: 2.2.0.33, include: /usr/include/openni2, lib: /usr/lib/aarch64-linux-gnu/libOpenNI2.so;libusb::libusb)
-- Eigen found (include: /usr/include/eigen3, version: 3.4.0)
-- OpenNI found (version: 1.5.4.0, include: /usr/include/ni, lib: /usr/lib/libOpenNI.so;libusb::libusb)
-- OpenNI2 found (version: 2.2.0.33, include: /usr/include/openni2, lib: /usr/lib/aarch64-linux-gnu/libOpenNI2.so;libusb::libusb)
-- Found Qhull version 8.0.2
-- OpenNI found (version: 1.5.4.0, include: /usr/include/ni, lib: /usr/lib/libOpenNI.so;libusb::libusb)
-- Found rtabmap_viz: 0.22.1 (/opt/ros/humble/share/rtabmap_viz/cmake)
-- Found ament_lint_auto: 0.12.14 (/opt/ros/humble/share/ament_lint_auto/cmake)
-- Added test 'copyright' to check source files copyright and LICENSE
-- Added test 'flake8' to check Python code syntax and style conventions
-- Added test 'lint_cmake' to check CMake code style
-- Added test 'pep257' to check Python code against some of the docstring style conventions in PEP 257
-- Added test 'xmllint' to check XML markup files
-- Configuring done
-- Generating done
-- Build files have been written to: /home/orin/AUWO-testbed/build/robot_slam_rtab
-- Install configuration: ""
-- Installing: /home/orin/AUWO-testbed/install/robot_slam_rtab/share/robot_slam_rtab//launch
-- Installing: /home/orin/AUWO-testbed/install/robot_slam_rtab/share/robot_slam_rtab//launch/rtbmap.launch.py
-- Installing: /home/orin/AUWO-testbed/install/robot_slam_rtab/share/robot_slam_rtab//config
-- Installing: /home/orin/AUWO-testbed/install/robot_slam_rtab/share/robot_slam_rtab//config/rtbmap_config.yaml
-- Installing: /home/orin/AUWO-testbed/install/robot_slam_rtab/share/robot_slam_rtab//rviz
-- Installing: /home/orin/AUWO-testbed/install/robot_slam_rtab/share/robot_slam_rtab//rviz/rtabmap_leo.rviz
-- Installing: /home/orin/AUWO-testbed/install/robot_slam_rtab/share/ament_index/resource_index/package_run_dependencies/robot_slam_rtab
-- Installing: /home/orin/AUWO-testbed/install/robot_slam_rtab/share/ament_index/resource_index/parent_prefix_path/robot_slam_rtab
-- Installing: /home/orin/AUWO-testbed/install/robot_slam_rtab/share/robot_slam_rtab/environment/ament_prefix_path.sh
-- Installing: /home/orin/AUWO-testbed/install/robot_slam_rtab/share/robot_slam_rtab/environment/ament_prefix_path.dsv
-- Installing: /home/orin/AUWO-testbed/install/robot_slam_rtab/share/robot_slam_rtab/environment/path.sh
-- Installing: /home/orin/AUWO-testbed/install/robot_slam_rtab/share/robot_slam_rtab/environment/path.dsv
-- Installing: /home/orin/AUWO-testbed/install/robot_slam_rtab/share/robot_slam_rtab/local_setup.bash
-- Installing: /home/orin/AUWO-testbed/install/robot_slam_rtab/share/robot_slam_rtab/local_setup.sh
-- Installing: /home/orin/AUWO-testbed/install/robot_slam_rtab/share/robot_slam_rtab/local_setup.zsh
-- Installing: /home/orin/AUWO-testbed/install/robot_slam_rtab/share/robot_slam_rtab/local_setup.dsv
-- Installing: /home/orin/AUWO-testbed/install/robot_slam_rtab/share/robot_slam_rtab/package.dsv
-- Installing: /home/orin/AUWO-testbed/install/robot_slam_rtab/share/ament_index/resource_index/packages/robot_slam_rtab
-- Installing: /home/orin/AUWO-testbed/install/robot_slam_rtab/share/robot_slam_rtab/cmake/robot_slam_rtabConfig.cmake
-- Installing: /home/orin/AUWO-testbed/install/robot_slam_rtab/share/robot_slam_rtab/cmake/robot_slam_rtabConfig-version.cmake
-- Installing: /home/orin/AUWO-testbed/install/robot_slam_rtab/share/robot_slam_rtab/package.xml
