[0.012s] Invoking command in '/home/limbo/Desktop/AUWO-testbed/build/robot_slam_rtabmap': CMAKE_PREFIX_PATH=${CMAKE_PREFIX_PATH}:/opt/ros/jazzy DEBUGINFOD_URLS=https://debuginfod.ubuntu.com /usr/bin/cmake /home/limbo/Desktop/AUWO-testbed/src/robot_slam_rtabmap -DCMAKE_INSTALL_PREFIX=/home/limbo/Desktop/AUWO-testbed/install/robot_slam_rtabmap
[0.081s] -- The C compiler identification is GNU 13.3.0
[0.145s] -- The CXX compiler identification is GNU 13.3.0
[0.165s] -- Detecting C compiler ABI info
[0.260s] -- Detecting C compiler ABI info - done
[0.268s] -- Check for working C compiler: /usr/bin/cc - skipped
[0.269s] -- Detecting C compile features
[0.270s] -- Detecting C compile features - done
[0.280s] -- Detecting CXX compiler ABI info
[0.389s] -- Detecting CXX compiler ABI info - done
[0.401s] -- Check for working CXX compiler: /usr/bin/c++ - skipped
[0.401s] -- Detecting CXX compile features
[0.401s] -- Detecting CXX compile features - done
[0.415s] -- Found ament_cmake: 2.5.4 (/opt/ros/jazzy/share/ament_cmake/cmake)
[0.580s] -- Found Python3: /usr/bin/python3 (found version "3.12.3") found components: Interpreter 
[0.729s] -- Found rclcpp: 28.1.12 (/opt/ros/jazzy/share/rclcpp/cmake)
[0.802s] -- Found rosidl_generator_c: 4.6.6 (/opt/ros/jazzy/share/rosidl_generator_c/cmake)
[0.827s] -- Found rosidl_generator_cpp: 4.6.6 (/opt/ros/jazzy/share/rosidl_generator_cpp/cmake)
[0.852s] -- Using all available rosidl_typesupport_c: rosidl_typesupport_fastrtps_c;rosidl_typesupport_introspection_c
[0.880s] -- Using all available rosidl_typesupport_cpp: rosidl_typesupport_fastrtps_cpp;rosidl_typesupport_introspection_cpp
[0.996s] -- Found rmw_implementation_cmake: 7.3.2 (/opt/ros/jazzy/share/rmw_implementation_cmake/cmake)
[1.002s] -- Found rmw_fastrtps_cpp: 8.4.3 (/opt/ros/jazzy/share/rmw_fastrtps_cpp/cmake)
[1.127s] -- Found OpenSSL: /usr/lib/x86_64-linux-gnu/libcrypto.so (found version "3.0.13")  
[1.151s] -- Found FastRTPS: /opt/ros/jazzy/include (Required is at least version "2.13") 
[1.175s] -- Using RMW implementation 'rmw_fastrtps_cpp' as default
[1.279s] -- Found rtabmap_ros: 0.22.1 (/opt/ros/jazzy/share/rtabmap_ros/cmake)
[1.283s] -- Found rtabmap_slam: 0.22.1 (/opt/ros/jazzy/share/rtabmap_slam/cmake)
[1.857s] -- Found eigen3_cmake_module: 0.3.0 (/opt/ros/jazzy/share/eigen3_cmake_module/cmake)
[1.858s] -- Found Eigen3: TRUE (found version "3.4.0") 
[1.858s] -- Ensuring Eigen3 include directory is part of orocos-kdl CMake target
[1.969s] [33mCMake Warning (dev) at /usr/lib/x86_64-linux-gnu/cmake/pcl/Modules/FindFLANN.cmake:45 (find_package):
[1.969s]   Policy CMP0144 is not set: find_package uses upper-case <PACKAGENAME>_ROOT
[1.969s]   variables.  Run "cmake --help-policy CMP0144" for policy details.  Use the
[1.969s]   cmake_policy command to set the policy and suppress this warning.
[1.969s] 
[1.969s]   CMake variable FLANN_ROOT is set to:
[1.969s] 
[1.969s]     /usr
[1.969s] 
[1.969s]   For compatibility, find_package is ignoring the variable, but code in a
[1.969s]   .cmake module might still use it.
[1.969s] Call Stack (most recent call first):
[1.969s]   /usr/lib/x86_64-linux-gnu/cmake/pcl/PCLConfig.cmake:261 (find_package)
[1.970s]   /usr/lib/x86_64-linux-gnu/cmake/pcl/PCLConfig.cmake:306 (find_flann)
[1.970s]   /usr/lib/x86_64-linux-gnu/cmake/pcl/PCLConfig.cmake:570 (find_external_library)
[1.970s]   /opt/ros/jazzy/share/pcl_conversions/cmake/ament_cmake_export_dependencies-extras.cmake:21 (find_package)
[1.970s]   /opt/ros/jazzy/share/pcl_conversions/cmake/pcl_conversionsConfig.cmake:41 (include)
[1.970s]   /opt/ros/jazzy/share/rtabmap_util/cmake/ament_cmake_export_dependencies-extras.cmake:21 (find_package)
[1.970s]   /opt/ros/jazzy/share/rtabmap_util/cmake/rtabmap_utilConfig.cmake:41 (include)
[1.970s]   /opt/ros/jazzy/share/rtabmap_slam/cmake/ament_cmake_export_dependencies-extras.cmake:21 (find_package)
[1.970s]   /opt/ros/jazzy/share/rtabmap_slam/cmake/rtabmap_slamConfig.cmake:41 (include)
[1.970s]   CMakeLists.txt:12 (find_package)
[1.970s] This warning is for project developers.  Use -Wno-dev to suppress it.
[1.970s] [0m
[1.971s] -- Found flann version 1.9.2
[2.312s] -- Found OpenMP_CXX: -fopenmp (found version "4.5") 
[2.313s] -- Found OpenMP: TRUE (found version "4.5") found components: CXX 
[3.819s] -- Checking for module 'libusb-1.0'
[3.837s] --   Found libusb-1.0, version 1.0.27
[3.878s] -- Found libusb: /usr/lib/x86_64-linux-gnu/libusb-1.0.so  
[3.880s] -- OpenNI found (version: 1.5.4.0, include: /usr/include/ni, lib: /usr/lib/libOpenNI.so;libusb::libusb)
[3.947s] -- OpenNI2 found (version: 2.2.0.33, include: /usr/include/openni2, lib: /usr/lib/x86_64-linux-gnu/libOpenNI2.so;libusb::libusb)
[3.950s] -- Found Pcap: /usr/lib/x86_64-linux-gnu/libpcap.so  
[3.966s] -- Found ZLIB: /usr/lib/x86_64-linux-gnu/libz.so (found version "1.3")  
[3.988s] -- Found PNG: /usr/lib/x86_64-linux-gnu/libpng.so (found version "1.6.43") 
[4.518s] -- OpenNI found (version: 1.5.4.0, include: /usr/include/ni, lib: /usr/lib/libOpenNI.so;libusb::libusb)
[4.530s] -- OpenNI2 found (version: 2.2.0.33, include: /usr/include/openni2, lib: /usr/lib/x86_64-linux-gnu/libOpenNI2.so;libusb::libusb)
[5.020s] -- Found Qhull version 8.0.2
[5.476s] -- OpenNI found (version: 1.5.4.0, include: /usr/include/ni, lib: /usr/lib/libOpenNI.so;libusb::libusb)
[5.911s] -- Found PCL_COMMON: /usr/lib/x86_64-linux-gnu/libpcl_common.so  
[5.913s] -- Found PCL_KDTREE: /usr/lib/x86_64-linux-gnu/libpcl_kdtree.so  
[5.914s] -- Found PCL_OCTREE: /usr/lib/x86_64-linux-gnu/libpcl_octree.so  
[5.917s] -- Found PCL_SEARCH: /usr/lib/x86_64-linux-gnu/libpcl_search.so  
[5.919s] -- Found PCL_SAMPLE_CONSENSUS: /usr/lib/x86_64-linux-gnu/libpcl_sample_consensus.so  
[5.920s] -- Found PCL_FILTERS: /usr/lib/x86_64-linux-gnu/libpcl_filters.so  
[5.921s] -- Found PCL_2D: /usr/include/pcl-1.14  
[5.922s] -- Found PCL_GEOMETRY: /usr/include/pcl-1.14  
[5.923s] -- Found PCL_IO: /usr/lib/x86_64-linux-gnu/libpcl_io.so  
[5.924s] -- Found PCL_FEATURES: /usr/lib/x86_64-linux-gnu/libpcl_features.so  
[5.926s] -- Found PCL_ML: /usr/lib/x86_64-linux-gnu/libpcl_ml.so  
[5.927s] -- Found PCL_SEGMENTATION: /usr/lib/x86_64-linux-gnu/libpcl_segmentation.so  
[5.928s] -- Found PCL_VISUALIZATION: /usr/lib/x86_64-linux-gnu/libpcl_visualization.so  
[5.929s] -- Found PCL_SURFACE: /usr/lib/x86_64-linux-gnu/libpcl_surface.so  
[5.931s] -- Found PCL_REGISTRATION: /usr/lib/x86_64-linux-gnu/libpcl_registration.so  
[5.932s] -- Found PCL_KEYPOINTS: /usr/lib/x86_64-linux-gnu/libpcl_keypoints.so  
[5.933s] -- Found PCL_TRACKING: /usr/lib/x86_64-linux-gnu/libpcl_tracking.so  
[5.934s] -- Found PCL_RECOGNITION: /usr/lib/x86_64-linux-gnu/libpcl_recognition.so  
[5.936s] -- Found PCL_STEREO: /usr/lib/x86_64-linux-gnu/libpcl_stereo.so  
[5.937s] -- Found PCL_APPS: /usr/lib/x86_64-linux-gnu/libpcl_apps.so  
[5.938s] -- Found PCL_IN_HAND_SCANNER: /usr/include/pcl-1.14  
[5.938s] -- Found PCL_MODELER: /usr/include/pcl-1.14  
[5.939s] -- Found PCL_POINT_CLOUD_EDITOR: /usr/include/pcl-1.14  
[5.940s] -- Found PCL_OUTOFCORE: /usr/lib/x86_64-linux-gnu/libpcl_outofcore.so  
[5.941s] -- Found PCL_PEOPLE: /usr/lib/x86_64-linux-gnu/libpcl_people.so  
[6.013s] [33mCMake Warning (dev) at /usr/share/cmake-3.28/Modules/CMakeFindDependencyMacro.cmake:76 (find_package):
[6.013s]   Policy CMP0074 is not set: find_package uses <PackageName>_ROOT variables.
[6.013s]   Run "cmake --help-policy CMP0074" for policy details.  Use the cmake_policy
[6.013s]   command to set the policy and suppress this warning.
[6.013s] 
[6.013s]   CMake variable PCL_ROOT is set to:
[6.013s] 
[6.013s]     /usr
[6.013s] 
[6.014s]   For compatibility, CMake is ignoring the variable.
[6.014s] Call Stack (most recent call first):
[6.014s]   /opt/ros/jazzy/lib/x86_64-linux-gnu/rtabmap-0.22/RTABMapConfig.cmake:7 (find_dependency)
[6.014s]   /opt/ros/jazzy/share/rtabmap_conversions/cmake/ament_cmake_export_dependencies-extras.cmake:21 (find_package)
[6.014s]   /opt/ros/jazzy/share/rtabmap_conversions/cmake/rtabmap_conversionsConfig.cmake:41 (include)
[6.014s]   /opt/ros/jazzy/share/rtabmap_util/cmake/ament_cmake_export_dependencies-extras.cmake:21 (find_package)
[6.014s]   /opt/ros/jazzy/share/rtabmap_util/cmake/rtabmap_utilConfig.cmake:41 (include)
[6.014s]   /opt/ros/jazzy/share/rtabmap_slam/cmake/ament_cmake_export_dependencies-extras.cmake:21 (find_package)
[6.014s]   /opt/ros/jazzy/share/rtabmap_slam/cmake/rtabmap_slamConfig.cmake:41 (include)
[6.014s]   CMakeLists.txt:12 (find_package)
[6.014s] This warning is for project developers.  Use -Wno-dev to suppress it.
[6.014s] [0m
[6.325s] -- Found rtabmap_viz: 0.22.1 (/opt/ros/jazzy/share/rtabmap_viz/cmake)
[6.331s] -- Found ament_lint_auto: 0.17.3 (/opt/ros/jazzy/share/ament_lint_auto/cmake)
[6.432s] [31mCMake Error at /opt/ros/jazzy/share/ament_cmake_core/cmake/core/ament_package_xml.cmake:53 (message):
[6.432s]   ament_package_xml() package name 'robot_slam_rtabmap' in '/package.xml'
[6.432s]   does not match current PROJECT_NAME 'excavator_slam'.  You must call
[6.432s]   project() with the same package name before.
[6.432s] Call Stack (most recent call first):
[6.432s]   /opt/ros/jazzy/share/ament_lint_auto/cmake/ament_lint_auto_find_test_dependencies.cmake:31 (ament_package_xml)
[6.432s]   CMakeLists.txt:30 (ament_lint_auto_find_test_dependencies)
[6.432s] 
[6.433s] [0m
[6.433s] -- Configuring incomplete, errors occurred!
[6.461s] Invoked command in '/home/limbo/Desktop/AUWO-testbed/build/robot_slam_rtabmap' returned '1': CMAKE_PREFIX_PATH=${CMAKE_PREFIX_PATH}:/opt/ros/jazzy DEBUGINFOD_URLS=https://debuginfod.ubuntu.com /usr/bin/cmake /home/limbo/Desktop/AUWO-testbed/src/robot_slam_rtabmap -DCMAKE_INSTALL_PREFIX=/home/limbo/Desktop/AUWO-testbed/install/robot_slam_rtabmap
