-- Install configuration: ""
-- Up-to-date: /home/orin/AUWO-testbed/install/robot_slam_rtabmap/share/robot_slam_rtabmap//launch
-- Installing: /home/orin/AUWO-testbed/install/robot_slam_rtabmap/share/robot_slam_rtabmap//launch/rtbmap.launch.py
-- Up-to-date: /home/orin/AUWO-testbed/install/robot_slam_rtabmap/share/robot_slam_rtabmap//config
-- Up-to-date: /home/orin/AUWO-testbed/install/robot_slam_rtabmap/share/robot_slam_rtabmap//config/rtbmap_config.yaml
-- Up-to-date: /home/orin/AUWO-testbed/install/robot_slam_rtabmap/share/robot_slam_rtabmap//rviz
-- Up-to-date: /home/orin/AUWO-testbed/install/robot_slam_rtabmap/share/robot_slam_rtabmap//rviz/rtabmap_leo.rviz
-- Up-to-date: /home/orin/AUWO-testbed/install/robot_slam_rtabmap/share/ament_index/resource_index/package_run_dependencies/robot_slam_rtabmap
-- Up-to-date: /home/orin/AUWO-testbed/install/robot_slam_rtabmap/share/ament_index/resource_index/parent_prefix_path/robot_slam_rtabmap
-- Up-to-date: /home/orin/AUWO-testbed/install/robot_slam_rtabmap/share/robot_slam_rtabmap/environment/ament_prefix_path.sh
-- Up-to-date: /home/orin/AUWO-testbed/install/robot_slam_rtabmap/share/robot_slam_rtabmap/environment/ament_prefix_path.dsv
-- Up-to-date: /home/orin/AUWO-testbed/install/robot_slam_rtabmap/share/robot_slam_rtabmap/environment/path.sh
-- Up-to-date: /home/orin/AUWO-testbed/install/robot_slam_rtabmap/share/robot_slam_rtabmap/environment/path.dsv
-- Up-to-date: /home/orin/AUWO-testbed/install/robot_slam_rtabmap/share/robot_slam_rtabmap/local_setup.bash
-- Up-to-date: /home/orin/AUWO-testbed/install/robot_slam_rtabmap/share/robot_slam_rtabmap/local_setup.sh
-- Up-to-date: /home/orin/AUWO-testbed/install/robot_slam_rtabmap/share/robot_slam_rtabmap/local_setup.zsh
-- Up-to-date: /home/orin/AUWO-testbed/install/robot_slam_rtabmap/share/robot_slam_rtabmap/local_setup.dsv
-- Up-to-date: /home/orin/AUWO-testbed/install/robot_slam_rtabmap/share/robot_slam_rtabmap/package.dsv
-- Up-to-date: /home/orin/AUWO-testbed/install/robot_slam_rtabmap/share/ament_index/resource_index/packages/robot_slam_rtabmap
-- Up-to-date: /home/orin/AUWO-testbed/install/robot_slam_rtabmap/share/robot_slam_rtabmap/cmake/robot_slam_rtabmapConfig.cmake
-- Up-to-date: /home/orin/AUWO-testbed/install/robot_slam_rtabmap/share/robot_slam_rtabmap/cmake/robot_slam_rtabmapConfig-version.cmake
-- Up-to-date: /home/orin/AUWO-testbed/install/robot_slam_rtabmap/share/robot_slam_rtabmap/package.xml
