-- Found ament_cmake: 1.3.12 (/opt/ros/humble/share/ament_cmake/cmake)
-- Found rclcpp: 16.0.15 (/opt/ros/humble/share/rclcpp/cmake)
-- Found rosidl_generator_c: 3.1.7 (/opt/ros/humble/share/rosidl_generator_c/cmake)
-- Found rosidl_adapter: 3.1.7 (/opt/ros/humble/share/rosidl_adapter/cmake)
-- Found rosidl_generator_cpp: 3.1.7 (/opt/ros/humble/share/rosidl_generator_cpp/cmake)
-- Using all available rosidl_typesupport_c: rosidl_typesupport_fastrtps_c;rosidl_typesupport_introspection_c
-- Using all available rosidl_typesupport_cpp: rosidl_typesupport_fastrtps_cpp;rosidl_typesupport_introspection_cpp
-- Found rmw_implementation_cmake: 6.1.2 (/opt/ros/humble/share/rmw_implementation_cmake/cmake)
-- Found rmw_fastrtps_cpp: 6.2.9 (/opt/ros/humble/share/rmw_fastrtps_cpp/cmake)
-- Found OpenSSL: /usr/lib/aarch64-linux-gnu/libcrypto.so (found version "3.0.2")  
-- Found FastRTPS: /opt/ros/humble/include  
-- Using RMW implementation 'rmw_fastrtps_cpp' as default
-- Looking for pthread.h
-- Looking for pthread.h - found
-- Performing Test CMAKE_HAVE_LIBC_PTHREAD
-- Performing Test CMAKE_HAVE_LIBC_PTHREAD - Success
-- Found Threads: TRUE  
-- Found rtabmap_ros: 0.22.1 (/opt/ros/humble/share/rtabmap_ros/cmake)
-- Found rtabmap_slam: 0.22.1 (/opt/ros/humble/share/rtabmap_slam/cmake)
-- Found eigen3_cmake_module: 0.1.1 (/opt/ros/humble/share/eigen3_cmake_module/cmake)
-- Found Eigen3: TRUE (found version "3.4.0") 
-- Ensuring Eigen3 include directory is part of orocos-kdl CMake target
-- Checking for module 'eigen3'
--   Found eigen3, version 3.4.0
-- Found Eigen: /usr/include/eigen3 (Required is at least version "3.1") 
-- Eigen found (include: /usr/include/eigen3, version: 3.4.0)
-- Checking for module 'flann'
--   Found flann, version 1.9.1
-- Found FLANN: /usr/lib/aarch64-linux-gnu/libflann_cpp.so  
-- FLANN found (include: /usr/include, lib: /usr/lib/aarch64-linux-gnu/libflann_cpp.so)
-- Checking for module 'libusb-1.0'
--   Found libusb-1.0, version 1.0.25
-- Found libusb: /usr/lib/aarch64-linux-gnu/libusb-1.0.so  
-- OpenNI found (version: 1.5.4.0, include: /usr/include/ni, lib: /usr/lib/libOpenNI.so;libusb::libusb)
-- OpenNI2 found (version: 2.2.0.33, include: /usr/include/openni2, lib: /usr/lib/aarch64-linux-gnu/libOpenNI2.so;libusb::libusb)
-- Eigen found (include: /usr/include/eigen3, version: 3.4.0)
-- OpenNI found (version: 1.5.4.0, include: /usr/include/ni, lib: /usr/lib/libOpenNI.so;libusb::libusb)
-- OpenNI2 found (version: 2.2.0.33, include: /usr/include/openni2, lib: /usr/lib/aarch64-linux-gnu/libOpenNI2.so;libusb::libusb)
-- Found Qhull version 8.0.2
-- OpenNI found (version: 1.5.4.0, include: /usr/include/ni, lib: /usr/lib/libOpenNI.so;libusb::libusb)
-- Found PCL_COMMON: /usr/lib/aarch64-linux-gnu/libpcl_common.so  
-- Found PCL_KDTREE: /usr/lib/aarch64-linux-gnu/libpcl_kdtree.so  
-- Found PCL_OCTREE: /usr/lib/aarch64-linux-gnu/libpcl_octree.so  
-- Found PCL_SEARCH: /usr/lib/aarch64-linux-gnu/libpcl_search.so  
-- Found PCL_SAMPLE_CONSENSUS: /usr/lib/aarch64-linux-gnu/libpcl_sample_consensus.so  
-- Found PCL_FILTERS: /usr/lib/aarch64-linux-gnu/libpcl_filters.so  
-- Found PCL_2D: /usr/include/pcl-1.12  
-- Found PCL_GEOMETRY: /usr/include/pcl-1.12  
-- Found PCL_IO: /usr/lib/aarch64-linux-gnu/libpcl_io.so  
-- Found PCL_FEATURES: /usr/lib/aarch64-linux-gnu/libpcl_features.so  
-- Found PCL_ML: /usr/lib/aarch64-linux-gnu/libpcl_ml.so  
-- Found PCL_SEGMENTATION: /usr/lib/aarch64-linux-gnu/libpcl_segmentation.so  
-- Found PCL_VISUALIZATION: /usr/lib/aarch64-linux-gnu/libpcl_visualization.so  
-- Found PCL_SURFACE: /usr/lib/aarch64-linux-gnu/libpcl_surface.so  
-- Found PCL_REGISTRATION: /usr/lib/aarch64-linux-gnu/libpcl_registration.so  
-- Found PCL_KEYPOINTS: /usr/lib/aarch64-linux-gnu/libpcl_keypoints.so  
-- Found PCL_TRACKING: /usr/lib/aarch64-linux-gnu/libpcl_tracking.so  
-- Found PCL_RECOGNITION: /usr/lib/aarch64-linux-gnu/libpcl_recognition.so  
-- Found PCL_STEREO: /usr/lib/aarch64-linux-gnu/libpcl_stereo.so  
-- Found PCL_APPS: /usr/lib/aarch64-linux-gnu/libpcl_apps.so  
-- Found PCL_IN_HAND_SCANNER: /usr/include/pcl-1.12  
-- Found PCL_MODELER: /usr/include/pcl-1.12  
-- Found PCL_POINT_CLOUD_EDITOR: /usr/include/pcl-1.12  
-- Found PCL_OUTOFCORE: /usr/lib/aarch64-linux-gnu/libpcl_outofcore.so  
-- Found PCL_PEOPLE: /usr/lib/aarch64-linux-gnu/libpcl_people.so  
[33mCMake Warning (dev) at /usr/share/cmake-3.22/Modules/CMakeFindDependencyMacro.cmake:47 (find_package):
  Policy CMP0074 is not set: find_package uses <PackageName>_ROOT variables.
  Run "cmake --help-policy CMP0074" for policy details.  Use the cmake_policy
  command to set the policy and suppress this warning.

  CMake variable PCL_ROOT is set to:

    /usr

  For compatibility, CMake is ignoring the variable.
Call Stack (most recent call first):
  /opt/ros/humble/lib/aarch64-linux-gnu/rtabmap-0.22/RTABMapConfig.cmake:7 (find_dependency)
  /opt/ros/humble/share/rtabmap_conversions/cmake/ament_cmake_export_dependencies-extras.cmake:21 (find_package)
  /opt/ros/humble/share/rtabmap_conversions/cmake/rtabmap_conversionsConfig.cmake:41 (include)
  /opt/ros/humble/share/rtabmap_util/cmake/ament_cmake_export_dependencies-extras.cmake:21 (find_package)
  /opt/ros/humble/share/rtabmap_util/cmake/rtabmap_utilConfig.cmake:41 (include)
  /opt/ros/humble/share/rtabmap_slam/cmake/ament_cmake_export_dependencies-extras.cmake:21 (find_package)
  /opt/ros/humble/share/rtabmap_slam/cmake/rtabmap_slamConfig.cmake:41 (include)
  CMakeLists.txt:12 (find_package)
This warning is for project developers.  Use -Wno-dev to suppress it.
[0m
-- Found rtabmap_viz: 0.22.1 (/opt/ros/humble/share/rtabmap_viz/cmake)
-- Found ament_lint_auto: 0.12.14 (/opt/ros/humble/share/ament_lint_auto/cmake)
-- Added test 'copyright' to check source files copyright and LICENSE
-- Added test 'flake8' to check Python code syntax and style conventions
-- Added test 'lint_cmake' to check CMake code style
-- Added test 'pep257' to check Python code against some of the docstring style conventions in PEP 257
-- Added test 'xmllint' to check XML markup files
-- Configuring done
-- Generating done
-- Build files have been written to: /home/orin/AUWO-testbed/build/robot_slam_rtabmap
-- Install configuration: ""
-- Installing: /home/orin/AUWO-testbed/install/robot_slam_rtabmap/share/robot_slam_rtabmap//launch
-- Installing: /home/orin/AUWO-testbed/install/robot_slam_rtabmap/share/robot_slam_rtabmap//launch/rtbmap.launch.py
-- Installing: /home/orin/AUWO-testbed/install/robot_slam_rtabmap/share/robot_slam_rtabmap//config
-- Installing: /home/orin/AUWO-testbed/install/robot_slam_rtabmap/share/robot_slam_rtabmap//config/rtbmap_config.yaml
-- Installing: /home/orin/AUWO-testbed/install/robot_slam_rtabmap/share/robot_slam_rtabmap//rviz
-- Installing: /home/orin/AUWO-testbed/install/robot_slam_rtabmap/share/robot_slam_rtabmap//rviz/rtabmap_leo.rviz
-- Installing: /home/orin/AUWO-testbed/install/robot_slam_rtabmap/share/ament_index/resource_index/package_run_dependencies/robot_slam_rtabmap
-- Installing: /home/orin/AUWO-testbed/install/robot_slam_rtabmap/share/ament_index/resource_index/parent_prefix_path/robot_slam_rtabmap
-- Up-to-date: /home/orin/AUWO-testbed/install/robot_slam_rtabmap/share/robot_slam_rtabmap/environment/ament_prefix_path.sh
-- Installing: /home/orin/AUWO-testbed/install/robot_slam_rtabmap/share/robot_slam_rtabmap/environment/ament_prefix_path.dsv
-- Up-to-date: /home/orin/AUWO-testbed/install/robot_slam_rtabmap/share/robot_slam_rtabmap/environment/path.sh
-- Installing: /home/orin/AUWO-testbed/install/robot_slam_rtabmap/share/robot_slam_rtabmap/environment/path.dsv
-- Up-to-date: /home/orin/AUWO-testbed/install/robot_slam_rtabmap/share/robot_slam_rtabmap/local_setup.bash
-- Up-to-date: /home/orin/AUWO-testbed/install/robot_slam_rtabmap/share/robot_slam_rtabmap/local_setup.sh
-- Up-to-date: /home/orin/AUWO-testbed/install/robot_slam_rtabmap/share/robot_slam_rtabmap/local_setup.zsh
-- Installing: /home/orin/AUWO-testbed/install/robot_slam_rtabmap/share/robot_slam_rtabmap/local_setup.dsv
-- Installing: /home/orin/AUWO-testbed/install/robot_slam_rtabmap/share/robot_slam_rtabmap/package.dsv
-- Up-to-date: /home/orin/AUWO-testbed/install/robot_slam_rtabmap/share/ament_index/resource_index/packages/robot_slam_rtabmap
-- Installing: /home/orin/AUWO-testbed/install/robot_slam_rtabmap/share/robot_slam_rtabmap/cmake/robot_slam_rtabmapConfig.cmake
-- Installing: /home/orin/AUWO-testbed/install/robot_slam_rtabmap/share/robot_slam_rtabmap/cmake/robot_slam_rtabmapConfig-version.cmake
-- Installing: /home/orin/AUWO-testbed/install/robot_slam_rtabmap/share/robot_slam_rtabmap/package.xml
