[0.032s] Invoking command in '/home/orin/AUWO-testbed/build/robot_slam_rtabmap': CMAKE_PREFIX_PATH=${CMAKE_PREFIX_PATH}:/home/orin/roarm_ws_em0/install/ros2web_widgets:/home/orin/roarm_ws_em0/install/ros2web_example_py:/home/orin/roarm_ws_em0/install/roarm_web_app:/home/orin/roarm_ws_em0/install/ros2web_app:/home/orin/roarm_ws_em0/install/ros2web:/home/orin/roarm_ws_em0/install/roarm_driver:/home/orin/roarm_ws_em0/install/launch_api:/opt/ros/humble /usr/bin/cmake /home/orin/AUWO-testbed/src/robot_slam_rtabmap -DCMAKE_INSTALL_PREFIX=/home/orin/AUWO-testbed/install/robot_slam_rtabmap
[0.811s] -- The C compiler identification is GNU 11.4.0
[1.280s] -- The CXX compiler identification is GNU 11.4.0
[1.320s] -- Detecting C compiler ABI info
[1.502s] -- Detecting C compiler ABI info - done
[1.526s] -- Check for working C compiler: /usr/bin/cc - skipped
[1.530s] -- Detecting C compile features
[1.533s] -- Detecting C compile features - done
[1.548s] -- Detecting CXX compiler ABI info
[1.717s] -- Detecting CXX compiler ABI info - done
[1.744s] -- Check for working CXX compiler: /usr/bin/c++ - skipped
[1.744s] -- Detecting CXX compile features
[1.745s] -- Detecting CXX compile features - done
[1.781s] -- Found ament_cmake: 1.3.12 (/opt/ros/humble/share/ament_cmake/cmake)
[2.197s] -- Found Python3: /usr/bin/python3 (found version "3.10.12") found components: Interpreter 
[2.596s] -- Found rtabmap_ros: 0.22.1 (/opt/ros/humble/share/rtabmap_ros/cmake)
[2.605s] -- Found ament_lint_auto: 0.12.14 (/opt/ros/humble/share/ament_lint_auto/cmake)
[2.867s] -- Added test 'flake8' to check Python code syntax and style conventions
[2.869s] -- Added test 'lint_cmake' to check CMake code style
[2.871s] -- Added test 'pep257' to check Python code against some of the docstring style conventions in PEP 257
[2.875s] -- Added test 'xmllint' to check XML markup files
[2.880s] -- Configuring done
[2.887s] -- Generating done
[2.890s] -- Build files have been written to: /home/orin/AUWO-testbed/build/robot_slam_rtabmap
[2.907s] Invoked command in '/home/orin/AUWO-testbed/build/robot_slam_rtabmap' returned '0': CMAKE_PREFIX_PATH=${CMAKE_PREFIX_PATH}:/home/orin/roarm_ws_em0/install/ros2web_widgets:/home/orin/roarm_ws_em0/install/ros2web_example_py:/home/orin/roarm_ws_em0/install/roarm_web_app:/home/orin/roarm_ws_em0/install/ros2web_app:/home/orin/roarm_ws_em0/install/ros2web:/home/orin/roarm_ws_em0/install/roarm_driver:/home/orin/roarm_ws_em0/install/launch_api:/opt/ros/humble /usr/bin/cmake /home/orin/AUWO-testbed/src/robot_slam_rtabmap -DCMAKE_INSTALL_PREFIX=/home/orin/AUWO-testbed/install/robot_slam_rtabmap
[2.913s] Invoking command in '/home/orin/AUWO-testbed/build/robot_slam_rtabmap': CMAKE_PREFIX_PATH=${CMAKE_PREFIX_PATH}:/home/orin/roarm_ws_em0/install/ros2web_widgets:/home/orin/roarm_ws_em0/install/ros2web_example_py:/home/orin/roarm_ws_em0/install/roarm_web_app:/home/orin/roarm_ws_em0/install/ros2web_app:/home/orin/roarm_ws_em0/install/ros2web:/home/orin/roarm_ws_em0/install/roarm_driver:/home/orin/roarm_ws_em0/install/launch_api:/opt/ros/humble /usr/bin/cmake --build /home/orin/AUWO-testbed/build/robot_slam_rtabmap -- -j6 -l6
[3.004s] Invoked command in '/home/orin/AUWO-testbed/build/robot_slam_rtabmap' returned '0': CMAKE_PREFIX_PATH=${CMAKE_PREFIX_PATH}:/home/orin/roarm_ws_em0/install/ros2web_widgets:/home/orin/roarm_ws_em0/install/ros2web_example_py:/home/orin/roarm_ws_em0/install/roarm_web_app:/home/orin/roarm_ws_em0/install/ros2web_app:/home/orin/roarm_ws_em0/install/ros2web:/home/orin/roarm_ws_em0/install/roarm_driver:/home/orin/roarm_ws_em0/install/launch_api:/opt/ros/humble /usr/bin/cmake --build /home/orin/AUWO-testbed/build/robot_slam_rtabmap -- -j6 -l6
[3.036s] Invoking command in '/home/orin/AUWO-testbed/build/robot_slam_rtabmap': CMAKE_PREFIX_PATH=${CMAKE_PREFIX_PATH}:/home/orin/roarm_ws_em0/install/ros2web_widgets:/home/orin/roarm_ws_em0/install/ros2web_example_py:/home/orin/roarm_ws_em0/install/roarm_web_app:/home/orin/roarm_ws_em0/install/ros2web_app:/home/orin/roarm_ws_em0/install/ros2web:/home/orin/roarm_ws_em0/install/roarm_driver:/home/orin/roarm_ws_em0/install/launch_api:/opt/ros/humble /usr/bin/cmake --install /home/orin/AUWO-testbed/build/robot_slam_rtabmap
[3.056s] -- Install configuration: ""
[3.056s] -- Installing: /home/orin/AUWO-testbed/install/robot_slam_rtabmap/share/ament_index/resource_index/package_run_dependencies/robot_slam_rtabmap
[3.057s] -- Installing: /home/orin/AUWO-testbed/install/robot_slam_rtabmap/share/ament_index/resource_index/parent_prefix_path/robot_slam_rtabmap
[3.057s] -- Installing: /home/orin/AUWO-testbed/install/robot_slam_rtabmap/share/robot_slam_rtabmap/environment/ament_prefix_path.sh
[3.058s] -- Installing: /home/orin/AUWO-testbed/install/robot_slam_rtabmap/share/robot_slam_rtabmap/environment/ament_prefix_path.dsv
[3.058s] -- Installing: /home/orin/AUWO-testbed/install/robot_slam_rtabmap/share/robot_slam_rtabmap/environment/path.sh
[3.058s] -- Installing: /home/orin/AUWO-testbed/install/robot_slam_rtabmap/share/robot_slam_rtabmap/environment/path.dsv
[3.059s] -- Installing: /home/orin/AUWO-testbed/install/robot_slam_rtabmap/share/robot_slam_rtabmap/local_setup.bash
[3.059s] -- Installing: /home/orin/AUWO-testbed/install/robot_slam_rtabmap/share/robot_slam_rtabmap/local_setup.sh
[3.059s] -- Installing: /home/orin/AUWO-testbed/install/robot_slam_rtabmap/share/robot_slam_rtabmap/local_setup.zsh
[3.060s] -- Installing: /home/orin/AUWO-testbed/install/robot_slam_rtabmap/share/robot_slam_rtabmap/local_setup.dsv
[3.060s] -- Installing: /home/orin/AUWO-testbed/install/robot_slam_rtabmap/share/robot_slam_rtabmap/package.dsv
[3.061s] -- Installing: /home/orin/AUWO-testbed/install/robot_slam_rtabmap/share/ament_index/resource_index/packages/robot_slam_rtabmap
[3.061s] -- Installing: /home/orin/AUWO-testbed/install/robot_slam_rtabmap/share/robot_slam_rtabmap/cmake/robot_slam_rtabmapConfig.cmake
[3.061s] -- Installing: /home/orin/AUWO-testbed/install/robot_slam_rtabmap/share/robot_slam_rtabmap/cmake/robot_slam_rtabmapConfig-version.cmake
[3.061s] -- Installing: /home/orin/AUWO-testbed/install/robot_slam_rtabmap/share/robot_slam_rtabmap/package.xml
[3.067s] Invoked command in '/home/orin/AUWO-testbed/build/robot_slam_rtabmap' returned '0': CMAKE_PREFIX_PATH=${CMAKE_PREFIX_PATH}:/home/orin/roarm_ws_em0/install/ros2web_widgets:/home/orin/roarm_ws_em0/install/ros2web_example_py:/home/orin/roarm_ws_em0/install/roarm_web_app:/home/orin/roarm_ws_em0/install/ros2web_app:/home/orin/roarm_ws_em0/install/ros2web:/home/orin/roarm_ws_em0/install/roarm_driver:/home/orin/roarm_ws_em0/install/launch_api:/opt/ros/humble /usr/bin/cmake --install /home/orin/AUWO-testbed/build/robot_slam_rtabmap
