[0.211s] DEBUG:colcon:Command line arguments: ['/usr/bin/colcon', 'build', '--packages-select', 'robot_slam_rtabmap', '--executor', 'sequential']
[0.212s] DEBUG:colcon:Parsed command line arguments: Namespace(log_base=None, log_level=None, verb_name='build', build_base='build', install_base='install', merge_install=False, symlink_install=False, test_result_base=None, continue_on_error=False, executor='sequential', parallel_workers=6, event_handlers=None, ignore_user_meta=False, metas=['./colcon.meta'], base_paths=['.'], packages_ignore=None, packages_ignore_regex=None, paths=None, packages_up_to=None, packages_up_to_regex=None, packages_above=None, packages_above_and_dependencies=None, packages_above_depth=None, packages_select_by_dep=None, packages_skip_by_dep=None, packages_skip_up_to=None, packages_select_build_failed=False, packages_skip_build_finished=False, packages_select_test_failures=False, packages_skip_test_passed=False, packages_select=['robot_slam_rtabmap'], packages_skip=None, packages_select_regex=None, packages_skip_regex=None, packages_start=None, packages_end=None, allow_overriding=[], cmake_args=None, cmake_target=None, cmake_target_skip_unavailable=False, cmake_clean_cache=False, cmake_clean_first=False, cmake_force_configure=False, ament_cmake_args=None, catkin_cmake_args=None, catkin_skip_building_tests=False, mixin_files=None, mixin=None, verb_parser=<colcon_mixin.mixin.mixin_argument.MixinArgumentDecorator object at 0xffffbd7c8580>, verb_extension=<colcon_core.verb.build.BuildVerb object at 0xffffbd793f10>, main=<bound method BuildVerb.main of <colcon_core.verb.build.BuildVerb object at 0xffffbd793f10>>, mixin_verb=('build',))
[0.546s] Level 1:colcon.colcon_core.package_discovery:discover_packages(colcon_meta) check parameters
[0.546s] Level 1:colcon.colcon_core.package_discovery:discover_packages(recursive) check parameters
[0.546s] Level 1:colcon.colcon_core.package_discovery:discover_packages(ignore) check parameters
[0.546s] Level 1:colcon.colcon_core.package_discovery:discover_packages(path) check parameters
[0.546s] Level 1:colcon.colcon_core.package_discovery:discover_packages(colcon_meta) discover
[0.547s] Level 1:colcon.colcon_core.package_discovery:discover_packages(recursive) discover
[0.547s] INFO:colcon.colcon_core.package_discovery:Crawling recursively for packages in '/home/orin/AUWO-testbed'
[0.547s] Level 1:colcon.colcon_core.package_identification:_identify(.) by extensions ['ignore', 'ignore_ament_install']
[0.547s] Level 1:colcon.colcon_core.package_identification:_identify(.) by extension 'ignore'
[0.547s] Level 1:colcon.colcon_core.package_identification:_identify(.) by extension 'ignore_ament_install'
[0.547s] Level 1:colcon.colcon_core.package_identification:_identify(.) by extensions ['colcon_pkg']
[0.547s] Level 1:colcon.colcon_core.package_identification:_identify(.) by extension 'colcon_pkg'
[0.547s] Level 1:colcon.colcon_core.package_identification:_identify(.) by extensions ['colcon_meta']
[0.548s] Level 1:colcon.colcon_core.package_identification:_identify(.) by extension 'colcon_meta'
[0.548s] Level 1:colcon.colcon_core.package_identification:_identify(.) by extensions ['ros']
[0.548s] Level 1:colcon.colcon_core.package_identification:_identify(.) by extension 'ros'
[0.567s] Level 1:colcon.colcon_core.package_identification:_identify(.) by extensions ['cmake', 'python']
[0.567s] Level 1:colcon.colcon_core.package_identification:_identify(.) by extension 'cmake'
[0.568s] Level 1:colcon.colcon_core.package_identification:_identify(.) by extension 'python'
[0.568s] Level 1:colcon.colcon_core.package_identification:_identify(.) by extensions ['python_setup_py']
[0.568s] Level 1:colcon.colcon_core.package_identification:_identify(.) by extension 'python_setup_py'
[0.568s] Level 1:colcon.colcon_core.package_identification:_identify(build) by extensions ['ignore', 'ignore_ament_install']
[0.568s] Level 1:colcon.colcon_core.package_identification:_identify(build) by extension 'ignore'
[0.568s] Level 1:colcon.colcon_core.package_identification:_identify(build) ignored
[0.569s] Level 1:colcon.colcon_core.package_identification:_identify(install) by extensions ['ignore', 'ignore_ament_install']
[0.569s] Level 1:colcon.colcon_core.package_identification:_identify(install) by extension 'ignore'
[0.569s] Level 1:colcon.colcon_core.package_identification:_identify(install) ignored
[0.569s] Level 1:colcon.colcon_core.package_identification:_identify(log) by extensions ['ignore', 'ignore_ament_install']
[0.569s] Level 1:colcon.colcon_core.package_identification:_identify(log) by extension 'ignore'
[0.569s] Level 1:colcon.colcon_core.package_identification:_identify(log) ignored
[0.569s] Level 1:colcon.colcon_core.package_identification:_identify(src) by extensions ['ignore', 'ignore_ament_install']
[0.570s] Level 1:colcon.colcon_core.package_identification:_identify(src) by extension 'ignore'
[0.570s] Level 1:colcon.colcon_core.package_identification:_identify(src) by extension 'ignore_ament_install'
[0.570s] Level 1:colcon.colcon_core.package_identification:_identify(src) by extensions ['colcon_pkg']
[0.570s] Level 1:colcon.colcon_core.package_identification:_identify(src) by extension 'colcon_pkg'
[0.570s] Level 1:colcon.colcon_core.package_identification:_identify(src) by extensions ['colcon_meta']
[0.570s] Level 1:colcon.colcon_core.package_identification:_identify(src) by extension 'colcon_meta'
[0.570s] Level 1:colcon.colcon_core.package_identification:_identify(src) by extensions ['ros']
[0.570s] Level 1:colcon.colcon_core.package_identification:_identify(src) by extension 'ros'
[0.570s] Level 1:colcon.colcon_core.package_identification:_identify(src) by extensions ['cmake', 'python']
[0.570s] Level 1:colcon.colcon_core.package_identification:_identify(src) by extension 'cmake'
[0.571s] Level 1:colcon.colcon_core.package_identification:_identify(src) by extension 'python'
[0.571s] Level 1:colcon.colcon_core.package_identification:_identify(src) by extensions ['python_setup_py']
[0.571s] Level 1:colcon.colcon_core.package_identification:_identify(src) by extension 'python_setup_py'
[0.571s] Level 1:colcon.colcon_core.package_identification:_identify(src/robot_bringup) by extensions ['ignore', 'ignore_ament_install']
[0.571s] Level 1:colcon.colcon_core.package_identification:_identify(src/robot_bringup) by extension 'ignore'
[0.571s] Level 1:colcon.colcon_core.package_identification:_identify(src/robot_bringup) by extension 'ignore_ament_install'
[0.571s] Level 1:colcon.colcon_core.package_identification:_identify(src/robot_bringup) by extensions ['colcon_pkg']
[0.571s] Level 1:colcon.colcon_core.package_identification:_identify(src/robot_bringup) by extension 'colcon_pkg'
[0.571s] Level 1:colcon.colcon_core.package_identification:_identify(src/robot_bringup) by extensions ['colcon_meta']
[0.571s] Level 1:colcon.colcon_core.package_identification:_identify(src/robot_bringup) by extension 'colcon_meta'
[0.572s] Level 1:colcon.colcon_core.package_identification:_identify(src/robot_bringup) by extensions ['ros']
[0.572s] Level 1:colcon.colcon_core.package_identification:_identify(src/robot_bringup) by extension 'ros'
[0.572s] Level 1:colcon.colcon_core.package_identification:_identify(src/robot_bringup) by extensions ['cmake', 'python']
[0.572s] Level 1:colcon.colcon_core.package_identification:_identify(src/robot_bringup) by extension 'cmake'
[0.572s] Level 1:colcon.colcon_core.package_identification:_identify(src/robot_bringup) by extension 'python'
[0.572s] Level 1:colcon.colcon_core.package_identification:_identify(src/robot_bringup) by extensions ['python_setup_py']
[0.572s] Level 1:colcon.colcon_core.package_identification:_identify(src/robot_bringup) by extension 'python_setup_py'
[0.572s] Level 1:colcon.colcon_core.package_identification:_identify(src/robot_bringup/launch) by extensions ['ignore', 'ignore_ament_install']
[0.572s] Level 1:colcon.colcon_core.package_identification:_identify(src/robot_bringup/launch) by extension 'ignore'
[0.572s] Level 1:colcon.colcon_core.package_identification:_identify(src/robot_bringup/launch) by extension 'ignore_ament_install'
[0.573s] Level 1:colcon.colcon_core.package_identification:_identify(src/robot_bringup/launch) by extensions ['colcon_pkg']
[0.573s] Level 1:colcon.colcon_core.package_identification:_identify(src/robot_bringup/launch) by extension 'colcon_pkg'
[0.573s] Level 1:colcon.colcon_core.package_identification:_identify(src/robot_bringup/launch) by extensions ['colcon_meta']
[0.573s] Level 1:colcon.colcon_core.package_identification:_identify(src/robot_bringup/launch) by extension 'colcon_meta'
[0.573s] Level 1:colcon.colcon_core.package_identification:_identify(src/robot_bringup/launch) by extensions ['ros']
[0.573s] Level 1:colcon.colcon_core.package_identification:_identify(src/robot_bringup/launch) by extension 'ros'
[0.573s] Level 1:colcon.colcon_core.package_identification:_identify(src/robot_bringup/launch) by extensions ['cmake', 'python']
[0.573s] Level 1:colcon.colcon_core.package_identification:_identify(src/robot_bringup/launch) by extension 'cmake'
[0.573s] Level 1:colcon.colcon_core.package_identification:_identify(src/robot_bringup/launch) by extension 'python'
[0.573s] Level 1:colcon.colcon_core.package_identification:_identify(src/robot_bringup/launch) by extensions ['python_setup_py']
[0.573s] Level 1:colcon.colcon_core.package_identification:_identify(src/robot_bringup/launch) by extension 'python_setup_py'
[0.574s] Level 1:colcon.colcon_core.package_identification:_identify(src/robot_slam_rtabmap) by extensions ['ignore', 'ignore_ament_install']
[0.574s] Level 1:colcon.colcon_core.package_identification:_identify(src/robot_slam_rtabmap) by extension 'ignore'
[0.574s] Level 1:colcon.colcon_core.package_identification:_identify(src/robot_slam_rtabmap) by extension 'ignore_ament_install'
[0.574s] Level 1:colcon.colcon_core.package_identification:_identify(src/robot_slam_rtabmap) by extensions ['colcon_pkg']
[0.574s] Level 1:colcon.colcon_core.package_identification:_identify(src/robot_slam_rtabmap) by extension 'colcon_pkg'
[0.574s] Level 1:colcon.colcon_core.package_identification:_identify(src/robot_slam_rtabmap) by extensions ['colcon_meta']
[0.574s] Level 1:colcon.colcon_core.package_identification:_identify(src/robot_slam_rtabmap) by extension 'colcon_meta'
[0.574s] Level 1:colcon.colcon_core.package_identification:_identify(src/robot_slam_rtabmap) by extensions ['ros']
[0.574s] Level 1:colcon.colcon_core.package_identification:_identify(src/robot_slam_rtabmap) by extension 'ros'
[0.581s] DEBUG:colcon.colcon_core.package_identification:Package 'src/robot_slam_rtabmap' with type 'ros.ament_cmake' and name 'robot_slam_rtabmap'
[0.581s] Level 1:colcon.colcon_core.package_discovery:discover_packages(recursive) using defaults
[0.581s] Level 1:colcon.colcon_core.package_discovery:discover_packages(ignore) discover
[0.581s] Level 1:colcon.colcon_core.package_discovery:discover_packages(ignore) using defaults
[0.581s] Level 1:colcon.colcon_core.package_discovery:discover_packages(path) discover
[0.581s] Level 1:colcon.colcon_core.package_discovery:discover_packages(path) using defaults
[0.646s] Level 1:colcon.colcon_core.package_discovery:discover_packages(prefix_path) check parameters
[0.646s] Level 1:colcon.colcon_core.package_discovery:discover_packages(prefix_path) discover
[0.651s] DEBUG:colcon.colcon_installed_package_information.package_discovery:Found 2 installed packages in /home/orin/AUWO-testbed/install
[0.652s] DEBUG:colcon.colcon_installed_package_information.package_discovery:Found 13 installed packages in /home/orin/roarm_ws_em0/install
[0.655s] DEBUG:colcon.colcon_installed_package_information.package_discovery:Found 456 installed packages in /opt/ros/humble
[0.659s] Level 1:colcon.colcon_core.package_discovery:discover_packages(prefix_path) using defaults
[0.760s] Level 5:colcon.colcon_core.verb:set package 'robot_slam_rtabmap' build argument 'cmake_args' from command line to 'None'
[0.761s] Level 5:colcon.colcon_core.verb:set package 'robot_slam_rtabmap' build argument 'cmake_target' from command line to 'None'
[0.761s] Level 5:colcon.colcon_core.verb:set package 'robot_slam_rtabmap' build argument 'cmake_target_skip_unavailable' from command line to 'False'
[0.761s] Level 5:colcon.colcon_core.verb:set package 'robot_slam_rtabmap' build argument 'cmake_clean_cache' from command line to 'False'
[0.761s] Level 5:colcon.colcon_core.verb:set package 'robot_slam_rtabmap' build argument 'cmake_clean_first' from command line to 'False'
[0.761s] Level 5:colcon.colcon_core.verb:set package 'robot_slam_rtabmap' build argument 'cmake_force_configure' from command line to 'False'
[0.761s] Level 5:colcon.colcon_core.verb:set package 'robot_slam_rtabmap' build argument 'ament_cmake_args' from command line to 'None'
[0.761s] Level 5:colcon.colcon_core.verb:set package 'robot_slam_rtabmap' build argument 'catkin_cmake_args' from command line to 'None'
[0.761s] Level 5:colcon.colcon_core.verb:set package 'robot_slam_rtabmap' build argument 'catkin_skip_building_tests' from command line to 'False'
[0.761s] DEBUG:colcon.colcon_core.verb:Building package 'robot_slam_rtabmap' with the following arguments: {'ament_cmake_args': None, 'build_base': '/home/orin/AUWO-testbed/build/robot_slam_rtabmap', 'catkin_cmake_args': None, 'catkin_skip_building_tests': False, 'cmake_args': None, 'cmake_clean_cache': False, 'cmake_clean_first': False, 'cmake_force_configure': False, 'cmake_target': None, 'cmake_target_skip_unavailable': False, 'install_base': '/home/orin/AUWO-testbed/install/robot_slam_rtabmap', 'merge_install': False, 'path': '/home/orin/AUWO-testbed/src/robot_slam_rtabmap', 'symlink_install': False, 'test_result_base': None}
[0.761s] INFO:colcon.colcon_core.executor:Executing jobs using 'sequential' executor
[0.763s] DEBUG:colcon.colcon_core.executor.sequential:run_until_complete 'robot_slam_rtabmap'
[0.764s] INFO:colcon.colcon_ros.task.ament_cmake.build:Building ROS package in '/home/orin/AUWO-testbed/src/robot_slam_rtabmap' with build type 'ament_cmake'
[0.764s] INFO:colcon.colcon_cmake.task.cmake.build:Building CMake package in '/home/orin/AUWO-testbed/src/robot_slam_rtabmap'
[0.768s] INFO:colcon.colcon_core.plugin_system:Skipping extension 'colcon_core.shell.bat': Not used on non-Windows systems
[0.768s] INFO:colcon.colcon_core.shell:Skip shell extension 'powershell' for command environment: Not usable outside of PowerShell
[0.768s] DEBUG:colcon.colcon_core.shell:Skip shell extension 'dsv' for command environment
[0.786s] DEBUG:colcon.colcon_core.event_handler.log_command:Invoking command in '/home/orin/AUWO-testbed/build/robot_slam_rtabmap': CMAKE_PREFIX_PATH=${CMAKE_PREFIX_PATH}:/home/orin/roarm_ws_em0/install/ros2web_widgets:/home/orin/roarm_ws_em0/install/ros2web_example_py:/home/orin/roarm_ws_em0/install/roarm_web_app:/home/orin/roarm_ws_em0/install/ros2web_app:/home/orin/roarm_ws_em0/install/ros2web:/home/orin/roarm_ws_em0/install/roarm_driver:/home/orin/roarm_ws_em0/install/launch_api:/opt/ros/humble /usr/bin/cmake --build /home/orin/AUWO-testbed/build/robot_slam_rtabmap -- -j6 -l6
[0.875s] DEBUG:colcon.colcon_core.event_handler.log_command:Invoked command in '/home/orin/AUWO-testbed/build/robot_slam_rtabmap' returned '0': CMAKE_PREFIX_PATH=${CMAKE_PREFIX_PATH}:/home/orin/roarm_ws_em0/install/ros2web_widgets:/home/orin/roarm_ws_em0/install/ros2web_example_py:/home/orin/roarm_ws_em0/install/roarm_web_app:/home/orin/roarm_ws_em0/install/ros2web_app:/home/orin/roarm_ws_em0/install/ros2web:/home/orin/roarm_ws_em0/install/roarm_driver:/home/orin/roarm_ws_em0/install/launch_api:/opt/ros/humble /usr/bin/cmake --build /home/orin/AUWO-testbed/build/robot_slam_rtabmap -- -j6 -l6
[0.909s] DEBUG:colcon.colcon_core.event_handler.log_command:Invoking command in '/home/orin/AUWO-testbed/build/robot_slam_rtabmap': CMAKE_PREFIX_PATH=${CMAKE_PREFIX_PATH}:/home/orin/roarm_ws_em0/install/ros2web_widgets:/home/orin/roarm_ws_em0/install/ros2web_example_py:/home/orin/roarm_ws_em0/install/roarm_web_app:/home/orin/roarm_ws_em0/install/ros2web_app:/home/orin/roarm_ws_em0/install/ros2web:/home/orin/roarm_ws_em0/install/roarm_driver:/home/orin/roarm_ws_em0/install/launch_api:/opt/ros/humble /usr/bin/cmake --install /home/orin/AUWO-testbed/build/robot_slam_rtabmap
[0.942s] Level 1:colcon.colcon_core.environment:create_environment_scripts_only(robot_slam_rtabmap)
[0.944s] DEBUG:colcon.colcon_core.event_handler.log_command:Invoked command in '/home/orin/AUWO-testbed/build/robot_slam_rtabmap' returned '0': CMAKE_PREFIX_PATH=${CMAKE_PREFIX_PATH}:/home/orin/roarm_ws_em0/install/ros2web_widgets:/home/orin/roarm_ws_em0/install/ros2web_example_py:/home/orin/roarm_ws_em0/install/roarm_web_app:/home/orin/roarm_ws_em0/install/ros2web_app:/home/orin/roarm_ws_em0/install/ros2web:/home/orin/roarm_ws_em0/install/roarm_driver:/home/orin/roarm_ws_em0/install/launch_api:/opt/ros/humble /usr/bin/cmake --install /home/orin/AUWO-testbed/build/robot_slam_rtabmap
[0.953s] Level 1:colcon.colcon_core.environment:checking '/home/orin/AUWO-testbed/install/robot_slam_rtabmap' for CMake module files
[0.956s] Level 1:colcon.colcon_core.environment:checking '/home/orin/AUWO-testbed/install/robot_slam_rtabmap' for CMake config files
[0.956s] Level 1:colcon.colcon_core.shell:create_environment_hook('robot_slam_rtabmap', 'cmake_prefix_path')
[0.958s] INFO:colcon.colcon_core.shell:Creating environment hook '/home/orin/AUWO-testbed/install/robot_slam_rtabmap/share/robot_slam_rtabmap/hook/cmake_prefix_path.ps1'
[0.963s] INFO:colcon.colcon_core.shell:Creating environment descriptor '/home/orin/AUWO-testbed/install/robot_slam_rtabmap/share/robot_slam_rtabmap/hook/cmake_prefix_path.dsv'
[0.966s] INFO:colcon.colcon_core.shell:Creating environment hook '/home/orin/AUWO-testbed/install/robot_slam_rtabmap/share/robot_slam_rtabmap/hook/cmake_prefix_path.sh'
[0.970s] Level 1:colcon.colcon_core.environment:checking '/home/orin/AUWO-testbed/install/robot_slam_rtabmap/bin'
[0.971s] Level 1:colcon.colcon_core.environment:checking '/home/orin/AUWO-testbed/install/robot_slam_rtabmap/lib/pkgconfig/robot_slam_rtabmap.pc'
[0.972s] Level 1:colcon.colcon_core.environment:checking '/home/orin/AUWO-testbed/install/robot_slam_rtabmap/lib/python3.10/site-packages'
[0.973s] Level 1:colcon.colcon_core.environment:checking '/home/orin/AUWO-testbed/install/robot_slam_rtabmap/bin'
[0.975s] INFO:colcon.colcon_core.shell:Creating package script '/home/orin/AUWO-testbed/install/robot_slam_rtabmap/share/robot_slam_rtabmap/package.ps1'
[0.980s] INFO:colcon.colcon_core.shell:Creating package descriptor '/home/orin/AUWO-testbed/install/robot_slam_rtabmap/share/robot_slam_rtabmap/package.dsv'
[0.982s] INFO:colcon.colcon_core.shell:Creating package script '/home/orin/AUWO-testbed/install/robot_slam_rtabmap/share/robot_slam_rtabmap/package.sh'
[0.985s] INFO:colcon.colcon_core.shell:Creating package script '/home/orin/AUWO-testbed/install/robot_slam_rtabmap/share/robot_slam_rtabmap/package.bash'
[0.987s] INFO:colcon.colcon_core.shell:Creating package script '/home/orin/AUWO-testbed/install/robot_slam_rtabmap/share/robot_slam_rtabmap/package.zsh'
[0.990s] Level 1:colcon.colcon_core.environment:create_file_with_runtime_dependencies(/home/orin/AUWO-testbed/install/robot_slam_rtabmap/share/colcon-core/packages/robot_slam_rtabmap)
[0.993s] Level 1:colcon.colcon_core.environment:create_environment_scripts_only(robot_slam_rtabmap)
[0.993s] Level 1:colcon.colcon_core.environment:checking '/home/orin/AUWO-testbed/install/robot_slam_rtabmap' for CMake module files
[0.995s] Level 1:colcon.colcon_core.environment:checking '/home/orin/AUWO-testbed/install/robot_slam_rtabmap' for CMake config files
[0.996s] Level 1:colcon.colcon_core.shell:create_environment_hook('robot_slam_rtabmap', 'cmake_prefix_path')
[0.996s] INFO:colcon.colcon_core.shell:Creating environment hook '/home/orin/AUWO-testbed/install/robot_slam_rtabmap/share/robot_slam_rtabmap/hook/cmake_prefix_path.ps1'
[0.998s] INFO:colcon.colcon_core.shell:Creating environment descriptor '/home/orin/AUWO-testbed/install/robot_slam_rtabmap/share/robot_slam_rtabmap/hook/cmake_prefix_path.dsv'
[0.999s] INFO:colcon.colcon_core.shell:Creating environment hook '/home/orin/AUWO-testbed/install/robot_slam_rtabmap/share/robot_slam_rtabmap/hook/cmake_prefix_path.sh'
[1.001s] Level 1:colcon.colcon_core.environment:checking '/home/orin/AUWO-testbed/install/robot_slam_rtabmap/bin'
[1.001s] Level 1:colcon.colcon_core.environment:checking '/home/orin/AUWO-testbed/install/robot_slam_rtabmap/lib/pkgconfig/robot_slam_rtabmap.pc'
[1.002s] Level 1:colcon.colcon_core.environment:checking '/home/orin/AUWO-testbed/install/robot_slam_rtabmap/lib/python3.10/site-packages'
[1.003s] Level 1:colcon.colcon_core.environment:checking '/home/orin/AUWO-testbed/install/robot_slam_rtabmap/bin'
[1.004s] INFO:colcon.colcon_core.shell:Creating package script '/home/orin/AUWO-testbed/install/robot_slam_rtabmap/share/robot_slam_rtabmap/package.ps1'
[1.006s] INFO:colcon.colcon_core.shell:Creating package descriptor '/home/orin/AUWO-testbed/install/robot_slam_rtabmap/share/robot_slam_rtabmap/package.dsv'
[1.007s] INFO:colcon.colcon_core.shell:Creating package script '/home/orin/AUWO-testbed/install/robot_slam_rtabmap/share/robot_slam_rtabmap/package.sh'
[1.008s] INFO:colcon.colcon_core.shell:Creating package script '/home/orin/AUWO-testbed/install/robot_slam_rtabmap/share/robot_slam_rtabmap/package.bash'
[1.010s] INFO:colcon.colcon_core.shell:Creating package script '/home/orin/AUWO-testbed/install/robot_slam_rtabmap/share/robot_slam_rtabmap/package.zsh'
[1.011s] Level 1:colcon.colcon_core.environment:create_file_with_runtime_dependencies(/home/orin/AUWO-testbed/install/robot_slam_rtabmap/share/colcon-core/packages/robot_slam_rtabmap)
[1.012s] DEBUG:colcon.colcon_core.executor.sequential:run_until_complete 'robot_slam_rtabmap' finished with '0'
[1.013s] DEBUG:colcon.colcon_core.executor.sequential:closing loop
[1.014s] DEBUG:colcon.colcon_core.executor.sequential:loop closed
[1.015s] DEBUG:colcon.colcon_core.event_reactor:joining thread
[1.037s] INFO:colcon.colcon_core.plugin_system:Skipping extension 'colcon_notification.desktop_notification.terminal_notifier': Not used on non-Darwin systems
[1.038s] INFO:colcon.colcon_core.plugin_system:Skipping extension 'colcon_notification.desktop_notification.win32': Not used on non-Windows systems
[1.038s] INFO:colcon.colcon_notification.desktop_notification:Sending desktop notification using 'notify2'
[1.076s] DEBUG:colcon.colcon_notification.desktop_notification.notify2:Failed to initialize notify2: org.freedesktop.DBus.Error.Spawn.ChildExited: Process org.freedesktop.Notifications exited with status 1
[1.076s] DEBUG:colcon.colcon_core.event_reactor:joined thread
[1.077s] INFO:colcon.colcon_core.shell:Creating prefix script '/home/orin/AUWO-testbed/install/local_setup.ps1'
[1.081s] INFO:colcon.colcon_core.shell:Creating prefix util module '/home/orin/AUWO-testbed/install/_local_setup_util_ps1.py'
[1.086s] INFO:colcon.colcon_core.shell:Creating prefix chain script '/home/orin/AUWO-testbed/install/setup.ps1'
[1.093s] INFO:colcon.colcon_core.shell:Creating prefix script '/home/orin/AUWO-testbed/install/local_setup.sh'
[1.095s] INFO:colcon.colcon_core.shell:Creating prefix util module '/home/orin/AUWO-testbed/install/_local_setup_util_sh.py'
[1.097s] INFO:colcon.colcon_core.shell:Creating prefix chain script '/home/orin/AUWO-testbed/install/setup.sh'
[1.102s] INFO:colcon.colcon_core.shell:Creating prefix script '/home/orin/AUWO-testbed/install/local_setup.bash'
[1.104s] INFO:colcon.colcon_core.shell:Creating prefix chain script '/home/orin/AUWO-testbed/install/setup.bash'
[1.111s] INFO:colcon.colcon_core.shell:Creating prefix script '/home/orin/AUWO-testbed/install/local_setup.zsh'
[1.113s] INFO:colcon.colcon_core.shell:Creating prefix chain script '/home/orin/AUWO-testbed/install/setup.zsh'
