-- The C compiler identification is GNU 13.3.0
-- The CXX compiler identification is GNU 13.3.0
-- Detecting C compiler ABI info
-- Detecting C compiler ABI info - done
-- Check for working C compiler: /usr/bin/cc - skipped
-- Detecting C compile features
-- Detecting C compile features - done
-- Detecting CXX compiler ABI info
-- Detecting CXX compiler ABI info - done
-- Check for working CXX compiler: /usr/bin/c++ - skipped
-- Detecting CXX compile features
-- Detecting CXX compile features - done
-- Found ament_cmake: 2.5.4 (/opt/ros/jazzy/share/ament_cmake/cmake)
-- Found Python3: /usr/bin/python3 (found version "3.12.3") found components: Interpreter 
-- Found rtabmap_ros: 0.22.1 (/opt/ros/jazzy/share/rtabmap_ros/cmake)
-- Found ament_lint_auto: 0.17.3 (/opt/ros/jazzy/share/ament_lint_auto/cmake)
-- Added test 'lint_cmake' to check CMake code style
-- Added test 'xmllint' to check XML markup files
-- Configuring done (1.0s)
-- Generating done (0.0s)
-- Build files have been written to: /home/limbo/Desktop/AUWO-testbed/src/build/robot_slam_rtabmap
-- Install configuration: ""
-- Installing: /home/limbo/Desktop/AUWO-testbed/src/install/robot_slam_rtabmap/share/ament_index/resource_index/package_run_dependencies/robot_slam_rtabmap
-- Installing: /home/limbo/Desktop/AUWO-testbed/src/install/robot_slam_rtabmap/share/ament_index/resource_index/parent_prefix_path/robot_slam_rtabmap
-- Installing: /home/limbo/Desktop/AUWO-testbed/src/install/robot_slam_rtabmap/share/robot_slam_rtabmap/environment/ament_prefix_path.sh
-- Installing: /home/limbo/Desktop/AUWO-testbed/src/install/robot_slam_rtabmap/share/robot_slam_rtabmap/environment/ament_prefix_path.dsv
-- Installing: /home/limbo/Desktop/AUWO-testbed/src/install/robot_slam_rtabmap/share/robot_slam_rtabmap/environment/path.sh
-- Installing: /home/limbo/Desktop/AUWO-testbed/src/install/robot_slam_rtabmap/share/robot_slam_rtabmap/environment/path.dsv
-- Installing: /home/limbo/Desktop/AUWO-testbed/src/install/robot_slam_rtabmap/share/robot_slam_rtabmap/local_setup.bash
-- Installing: /home/limbo/Desktop/AUWO-testbed/src/install/robot_slam_rtabmap/share/robot_slam_rtabmap/local_setup.sh
-- Installing: /home/limbo/Desktop/AUWO-testbed/src/install/robot_slam_rtabmap/share/robot_slam_rtabmap/local_setup.zsh
-- Installing: /home/limbo/Desktop/AUWO-testbed/src/install/robot_slam_rtabmap/share/robot_slam_rtabmap/local_setup.dsv
-- Installing: /home/limbo/Desktop/AUWO-testbed/src/install/robot_slam_rtabmap/share/robot_slam_rtabmap/package.dsv
-- Installing: /home/limbo/Desktop/AUWO-testbed/src/install/robot_slam_rtabmap/share/ament_index/resource_index/packages/robot_slam_rtabmap
-- Installing: /home/limbo/Desktop/AUWO-testbed/src/install/robot_slam_rtabmap/share/robot_slam_rtabmap/cmake/robot_slam_rtabmapConfig.cmake
-- Installing: /home/limbo/Desktop/AUWO-testbed/src/install/robot_slam_rtabmap/share/robot_slam_rtabmap/cmake/robot_slam_rtabmapConfig-version.cmake
-- Installing: /home/limbo/Desktop/AUWO-testbed/src/install/robot_slam_rtabmap/share/robot_slam_rtabmap/package.xml
