[0.022s] Invoking command in '/home/orin/AUWO-testbed/build/robot_slam_rtabmap': CMAKE_PREFIX_PATH=${CMAKE_PREFIX_PATH}:/home/orin/roarm_ws_em0/install/ros2web_widgets:/home/orin/roarm_ws_em0/install/ros2web_example_py:/home/orin/roarm_ws_em0/install/roarm_web_app:/home/orin/roarm_ws_em0/install/ros2web_app:/home/orin/roarm_ws_em0/install/ros2web:/home/orin/roarm_ws_em0/install/roarm_driver:/home/orin/roarm_ws_em0/install/launch_api:/opt/ros/humble /usr/bin/cmake --build /home/orin/AUWO-testbed/build/robot_slam_rtabmap -- -j6 -l6
[0.104s] Invoked command in '/home/orin/AUWO-testbed/build/robot_slam_rtabmap' returned '0': CMAKE_PREFIX_PATH=${CMAKE_PREFIX_PATH}:/home/orin/roarm_ws_em0/install/ros2web_widgets:/home/orin/roarm_ws_em0/install/ros2web_example_py:/home/orin/roarm_ws_em0/install/roarm_web_app:/home/orin/roarm_ws_em0/install/ros2web_app:/home/orin/roarm_ws_em0/install/ros2web:/home/orin/roarm_ws_em0/install/roarm_driver:/home/orin/roarm_ws_em0/install/launch_api:/opt/ros/humble /usr/bin/cmake --build /home/orin/AUWO-testbed/build/robot_slam_rtabmap -- -j6 -l6
[0.130s] Invoking command in '/home/orin/AUWO-testbed/build/robot_slam_rtabmap': CMAKE_PREFIX_PATH=${CMAKE_PREFIX_PATH}:/home/orin/roarm_ws_em0/install/ros2web_widgets:/home/orin/roarm_ws_em0/install/ros2web_example_py:/home/orin/roarm_ws_em0/install/roarm_web_app:/home/orin/roarm_ws_em0/install/ros2web_app:/home/orin/roarm_ws_em0/install/ros2web:/home/orin/roarm_ws_em0/install/roarm_driver:/home/orin/roarm_ws_em0/install/launch_api:/opt/ros/humble /usr/bin/cmake --install /home/orin/AUWO-testbed/build/robot_slam_rtabmap
[0.154s] -- Install configuration: ""
[0.155s] -- Up-to-date: /home/orin/AUWO-testbed/install/robot_slam_rtabmap/share/robot_slam_rtabmap//launch
[0.155s] -- Installing: /home/orin/AUWO-testbed/install/robot_slam_rtabmap/share/robot_slam_rtabmap//launch/rtbmap.launch.py
[0.155s] -- Up-to-date: /home/orin/AUWO-testbed/install/robot_slam_rtabmap/share/robot_slam_rtabmap//config
[0.155s] -- Up-to-date: /home/orin/AUWO-testbed/install/robot_slam_rtabmap/share/robot_slam_rtabmap//config/rtbmap_config.yaml
[0.156s] -- Up-to-date: /home/orin/AUWO-testbed/install/robot_slam_rtabmap/share/robot_slam_rtabmap//rviz
[0.156s] -- Up-to-date: /home/orin/AUWO-testbed/install/robot_slam_rtabmap/share/ament_index/resource_index/package_run_dependencies/robot_slam_rtabmap
[0.156s] -- Up-to-date: /home/orin/AUWO-testbed/install/robot_slam_rtabmap/share/ament_index/resource_index/parent_prefix_path/robot_slam_rtabmap
[0.156s] -- Up-to-date: /home/orin/AUWO-testbed/install/robot_slam_rtabmap/share/robot_slam_rtabmap/environment/ament_prefix_path.sh
[0.156s] -- Up-to-date: /home/orin/AUWO-testbed/install/robot_slam_rtabmap/share/robot_slam_rtabmap/environment/ament_prefix_path.dsv
[0.156s] -- Up-to-date: /home/orin/AUWO-testbed/install/robot_slam_rtabmap/share/robot_slam_rtabmap/environment/path.sh
[0.157s] -- Up-to-date: /home/orin/AUWO-testbed/install/robot_slam_rtabmap/share/robot_slam_rtabmap/environment/path.dsv
[0.157s] -- Up-to-date: /home/orin/AUWO-testbed/install/robot_slam_rtabmap/share/robot_slam_rtabmap/local_setup.bash
[0.157s] -- Up-to-date: /home/orin/AUWO-testbed/install/robot_slam_rtabmap/share/robot_slam_rtabmap/local_setup.sh
[0.157s] -- Up-to-date: /home/orin/AUWO-testbed/install/robot_slam_rtabmap/share/robot_slam_rtabmap/local_setup.zsh
[0.157s] -- Up-to-date: /home/orin/AUWO-testbed/install/robot_slam_rtabmap/share/robot_slam_rtabmap/local_setup.dsv
[0.157s] -- Installing: /home/orin/AUWO-testbed/install/robot_slam_rtabmap/share/robot_slam_rtabmap/package.dsv
[0.157s] -- Up-to-date: /home/orin/AUWO-testbed/install/robot_slam_rtabmap/share/ament_index/resource_index/packages/robot_slam_rtabmap
[0.158s] -- Up-to-date: /home/orin/AUWO-testbed/install/robot_slam_rtabmap/share/robot_slam_rtabmap/cmake/robot_slam_rtabmapConfig.cmake
[0.158s] -- Up-to-date: /home/orin/AUWO-testbed/install/robot_slam_rtabmap/share/robot_slam_rtabmap/cmake/robot_slam_rtabmapConfig-version.cmake
[0.158s] -- Up-to-date: /home/orin/AUWO-testbed/install/robot_slam_rtabmap/share/robot_slam_rtabmap/package.xml
[0.162s] Invoked command in '/home/orin/AUWO-testbed/build/robot_slam_rtabmap' returned '0': CMAKE_PREFIX_PATH=${CMAKE_PREFIX_PATH}:/home/orin/roarm_ws_em0/install/ros2web_widgets:/home/orin/roarm_ws_em0/install/ros2web_example_py:/home/orin/roarm_ws_em0/install/roarm_web_app:/home/orin/roarm_ws_em0/install/ros2web_app:/home/orin/roarm_ws_em0/install/ros2web:/home/orin/roarm_ws_em0/install/roarm_driver:/home/orin/roarm_ws_em0/install/launch_api:/opt/ros/humble /usr/bin/cmake --install /home/orin/AUWO-testbed/build/robot_slam_rtabmap
